app/build/outputs/logs/manifest-merger-debug-report.txt
-- Merging decision tree log ---
manifest
ADDED from src\main\AndroidManifest.xml:2:1-108:12
	xmlns:android
		ADDED from src\main\AndroidManifest.xml:2:11-69
	package
		ADDED from src\main\AndroidManifest.xml:3:7-36
		INJECTED from src\main\AndroidManifest.xml
		INJECTED from src\main\AndroidManifest.xml
	android:versionName
		ADDED from src\main\AndroidManifest.xml:5:7-32
		INJECTED from src\main\AndroidManifest.xml
		INJECTED from src\main\AndroidManifest.xml
	android:versionCode
		ADDED from src\main\AndroidManifest.xml:4:7-30
		INJECTED from src\main\AndroidManifest.xml
		INJECTED from src\main\AndroidManifest.xml
uses-permission#android.permission.WRITE_EXTERNAL_STORAGE
ADDED from src\main\AndroidManifest.xml:7:5-81
	android:name
		ADDED from src\main\AndroidManifest.xml:7:22-78
uses-permission#android.permission.READ_PHONE_STATE
ADDED from src\main\AndroidManifest.xml:8:5-75
	android:name
		ADDED from src\main\AndroidManifest.xml:8:22-72
uses-permission#android.permission.PROCESS_OUTGOING_CALLS
ADDED from src\main\AndroidManifest.xml:9:5-81
	android:name
		ADDED from src\main\AndroidManifest.xml:9:22-78
uses-permission#android.permission.MOUNT_UNMOUNT_FILESYSTEMS
ADDED from src\main\AndroidManifest.xml:10:2-80
	android:name
		ADDED from src\main\AndroidManifest.xml:10:19-78
uses-permission#android.permission.WRITE_SETTINGS
ADDED from src\main\AndroidManifest.xml:11:2-69
	android:name
		ADDED from src\main\AndroidManifest.xml:11:19-67
uses-permission#android.permission.CAMERA
ADDED from src\main\AndroidManifest.xml:12:2-61
	android:name
		ADDED from src\main\AndroidManifest.xml:12:19-59
uses-permission#android.permission.RECORD_AUDIO
ADDED from src\main\AndroidManifest.xml:13:2-67
	android:name
		ADDED from src\main\AndroidManifest.xml:13:19-65
application
ADDED from src\main\AndroidManifest.xml:15:5-106:19
	android:label
		ADDED from src\main\AndroidManifest.xml:15:48-80
	android:icon
		ADDED from src\main\AndroidManifest.xml:15:18-47
activity#Xinyue.all.activity.RotateActivity
ADDED from src\main\AndroidManifest.xml:18:9-24:20
	android:screenOrientation
		ADDED from src\main\AndroidManifest.xml:19:13-49
	android:name
		ADDED from src\main\AndroidManifest.xml:18:19-49
intent-filter#android.intent.action.MAIN+android.intent.category.LAUNCHER
ADDED from src\main\AndroidManifest.xml:20:10-23:29
action#android.intent.action.MAIN
ADDED from src\main\AndroidManifest.xml:21:17-69
	android:name
		ADDED from src\main\AndroidManifest.xml:21:25-66
category#android.intent.category.LAUNCHER
ADDED from src\main\AndroidManifest.xml:22:17-77
	android:name
		ADDED from src\main\AndroidManifest.xml:22:27-74
activity#Xinyue.all.activity.ChosePlayActivity
ADDED from src\main\AndroidManifest.xml:29:9-32:20
	android:screenOrientation
		ADDED from src\main\AndroidManifest.xml:30:13-49
	android:label
		ADDED from src\main\AndroidManifest.xml:31:13-33
	android:name
		ADDED from src\main\AndroidManifest.xml:29:19-52
activity#Xinyue.all.activity.MainActivity
ADDED from src\main\AndroidManifest.xml:34:9-37:20
	android:screenOrientation
		ADDED from src\main\AndroidManifest.xml:35:19-55
	android:label
		ADDED from src\main\AndroidManifest.xml:36:13-33
	android:name
		ADDED from src\main\AndroidManifest.xml:34:19-47
activity#Xinyue.all.activity.ChangeNew
ADDED from src\main\AndroidManifest.xml:39:10-42:20
	android:screenOrientation
		ADDED from src\main\AndroidManifest.xml:40:19-55
	android:label
		ADDED from src\main\AndroidManifest.xml:41:13-36
	android:name
		ADDED from src\main\AndroidManifest.xml:39:20-45
activity#Xinyue.all.activity.NewSongs
ADDED from src\main\AndroidManifest.xml:44:10-47:20
	android:screenOrientation
		ADDED from src\main\AndroidManifest.xml:45:20-56
	android:label
		ADDED from src\main\AndroidManifest.xml:46:14-35
	android:name
		ADDED from src\main\AndroidManifest.xml:44:20-44
activity#Xinyue.all.activity.SearchActivity
ADDED from src\main\AndroidManifest.xml:48:11-51:20
	android:screenOrientation
		ADDED from src\main\AndroidManifest.xml:50:15-51
	android:label
		ADDED from src\main\AndroidManifest.xml:49:16-42
	android:name
		ADDED from src\main\AndroidManifest.xml:48:21-51
activity#Xinyue.all.activity.MusicActivity
ADDED from src\main\AndroidManifest.xml:53:9-54:20
	android:screenOrientation
		ADDED from src\main\AndroidManifest.xml:53:51-87
	android:name
		ADDED from src\main\AndroidManifest.xml:53:19-48
activity#Xinyue.all.activity.ArtistActivity
ADDED from src\main\AndroidManifest.xml:58:9-59:20
	android:screenOrientation
		ADDED from src\main\AndroidManifest.xml:58:52-88
	android:name
		ADDED from src\main\AndroidManifest.xml:58:19-49
activity#Xinyue.all.activity.AlbumActivity
ADDED from src\main\AndroidManifest.xml:62:9-63:20
	android:screenOrientation
		ADDED from src\main\AndroidManifest.xml:62:50-86
	android:name
		ADDED from src\main\AndroidManifest.xml:62:19-48
activity#Xinyue.all.activity.VideoPlayerActivity
ADDED from src\main\AndroidManifest.xml:66:12-75:23
	android:label
		ADDED from src\main\AndroidManifest.xml:67:16-48
	android:configChanges
		ADDED from src\main\AndroidManifest.xml:68:16-66
	android:theme
		ADDED from src\main\AndroidManifest.xml:69:16-63
	android:name
		ADDED from src\main\AndroidManifest.xml:66:22-57
intent-filter#android.intent.action.VIEW+android.intent.category.DEFAULT
ADDED from src\main\AndroidManifest.xml:70:8-74:24
action#android.intent.action.VIEW
ADDED from src\main\AndroidManifest.xml:71:12-64
	android:name
		ADDED from src\main\AndroidManifest.xml:71:20-61
data
ADDED from src\main\AndroidManifest.xml:72:12-47
	android:mimeType
		ADDED from src\main\AndroidManifest.xml:72:18-44
category#android.intent.category.DEFAULT
ADDED from src\main\AndroidManifest.xml:73:12-71
	android:name
		ADDED from src\main\AndroidManifest.xml:73:22-68
activity#Xinyue.all.activity.VideoChooseActivity
ADDED from src\main\AndroidManifest.xml:76:19-78:69
	android:label
		ADDED from src\main\AndroidManifest.xml:77:23-39
	android:theme
		ADDED from src\main\AndroidManifest.xml:78:23-66
	android:name
		ADDED from src\main\AndroidManifest.xml:76:29-64
service#music.dreamer.useful.MusicService
ADDED from src\main\AndroidManifest.xml:82:9-86:19
	android:name
		ADDED from src\main\AndroidManifest.xml:82:18-66
intent-filter#music.dreamer.media.MUSIC_SERVICE
ADDED from src\main\AndroidManifest.xml:83:10-85:26
action#music.dreamer.media.MUSIC_SERVICE
ADDED from src\main\AndroidManifest.xml:84:11-69
	android:name
		ADDED from src\main\AndroidManifest.xml:84:19-67
service#music.dreamer.useful.VideoService
ADDED from src\main\AndroidManifest.xml:87:10-91:19
	android:name
		ADDED from src\main\AndroidManifest.xml:87:19-67
intent-filter#music.dreamer.media.VIDEO_SERVICE
ADDED from src\main\AndroidManifest.xml:88:10-90:26
action#music.dreamer.media.VIDEO_SERVICE
ADDED from src\main\AndroidManifest.xml:89:11-69
	android:name
		ADDED from src\main\AndroidManifest.xml:89:19-67
receiver#music.dreamer.useful.AppWidget
ADDED from src\main\AndroidManifest.xml:94:9-104:20
	android:name
		ADDED from src\main\AndroidManifest.xml:94:19-64
meta-data#android.appwidget.provider
ADDED from src\main\AndroidManifest.xml:95:10-96:56
	android:resource
		ADDED from src\main\AndroidManifest.xml:96:13-54
	android:name
		ADDED from src\main\AndroidManifest.xml:95:21-62
intent-filter#android.appwidget.action.APPWIDGET_UPDATE+music.dreamer.musictitle+music.dreamer.pause+music.dreamer.play+music.dreamer.playmusic
ADDED from src\main\AndroidManifest.xml:97:10-103:29
action#android.appwidget.action.APPWIDGET_UPDATE
ADDED from src\main\AndroidManifest.xml:98:17-91
	android:name
		ADDED from src\main\AndroidManifest.xml:98:25-81
action#music.dreamer.playmusic
ADDED from src\main\AndroidManifest.xml:99:14-70
	android:name
		ADDED from src\main\AndroidManifest.xml:99:22-60
action#music.dreamer.pause
ADDED from src\main\AndroidManifest.xml:100:14-66
	android:name
		ADDED from src\main\AndroidManifest.xml:100:22-56
action#music.dreamer.play
ADDED from src\main\AndroidManifest.xml:101:14-65
	android:name
		ADDED from src\main\AndroidManifest.xml:101:22-55
action#music.dreamer.musictitle
ADDED from src\main\AndroidManifest.xml:102:14-71
	android:name
		ADDED from src\main\AndroidManifest.xml:102:22-61
uses-sdk
ADDED from src\main\AndroidManifest.xml:107:5-43
	android:targetSdkVersion
		INJECTED from src\main\AndroidManifest.xml
		INJECTED from src\main\AndroidManifest.xml
	android:minSdkVersion
		ADDED from src\main\AndroidManifest.xml:107:15-40
		INJECTED from src\main\AndroidManifest.xml
		INJECTED from src\main\AndroidManifest.xml